# JRE version: OpenJDK Runtime Environment (8.0_111-b14) (build 1.8.0_111-8u111-b14-2ubuntu0.16.04.2-b14)
# Java VM: OpenJDK 64-Bit Server VM (25.111-b14 mixed mode linux-amd64 compressed oops)
Heap:
 PSYoungGen      total 36864K, used 3680K [0x00000000d6f80000, 0x00000000d9880000, 0x0000000100000000)
  eden space 31744K, 11% used [0x00000000d6f80000,0x00000000d7318390,0x00000000d8e80000)
  from space 5120K, 0% used [0x00000000d9380000,0x00000000d9380000,0x00000000d9880000)
  to   space 5120K, 0% used [0x00000000d8e80000,0x00000000d8e80000,0x00000000d9380000)
 ParOldGen       total 39936K, used 7667K [0x0000000084e00000, 0x0000000087500000, 0x00000000d6f80000)
  object space 39936K, 19% used [0x0000000084e00000,0x000000008557cd60,0x0000000087500000)
 Metaspace       used 23863K, capacity 24098K, committed 24576K, reserved 1071104K
  class space    used 3133K, capacity 3203K, committed 3328K, reserved 1048576K
GC Heap History (10 events):
Event: 2348,393 GC heap before
{Heap before GC invocations=52 (full 26):
 PSYoungGen      total 36864K, used 256K [0x00000000d6f80000, 0x00000000d9880000, 0x0000000100000000)
  eden space 31744K, 0% used [0x00000000d6f80000,0x00000000d6f80000,0x00000000d8e80000)
  from space 5120K, 5% used [0x00000000d9380000,0x00000000d93c0000,0x00000000d9880000)
  to   space 5120K, 0% used [0x00000000d8e80000,0x00000000d8e80000,0x00000000d9380000)
 ParOldGen       total 39936K, used 7332K [0x0000000084e00000, 0x0000000087500000, 0x00000000d6f80000)
  object space 39936K, 18% used [0x0000000084e00000,0x0000000085529030,0x0000000087500000)
 Metaspace       used 23784K, capacity 24034K, committed 24576K, reserved 1071104K
  class space    used 3133K, capacity 3203K, committed 3328K, reserved 1048576K
Event: 2348,416 GC heap after
Heap after GC invocations=52 (full 26):
 PSYoungGen      total 36864K, used 0K [0x00000000d6f80000, 0x00000000d9880000, 0x0000000100000000)
  eden space 31744K, 0% used [0x00000000d6f80000,0x00000000d6f80000,0x00000000d8e80000)
  from space 5120K, 0% used [0x00000000d9380000,0x00000000d9380000,0x00000000d9880000)
  to   space 5120K, 0% used [0x00000000d8e80000,0x00000000d8e80000,0x00000000d9380000)
 ParOldGen       total 39936K, used 7333K [0x0000000084e00000, 0x0000000087500000, 0x00000000d6f80000)
  object space 39936K, 18% used [0x0000000084e00000,0x0000000085529718,0x0000000087500000)
 Metaspace       used 23784K, capacity 24034K, committed 24576K, reserved 1071104K
  class space    used 3133K, capacity 3203K, committed 3328K, reserved 1048576K
}
Event: 2610,840 GC heap before
{Heap before GC invocations=53 (full 26):
 PSYoungGen      total 36864K, used 9005K [0x00000000d6f80000, 0x00000000d9880000, 0x0000000100000000)
  eden space 31744K, 28% used [0x00000000d6f80000,0x00000000d784b4f0,0x00000000d8e80000)
  from space 5120K, 0% used [0x00000000d9380000,0x00000000d9380000,0x00000000d9880000)
  to   space 5120K, 0% used [0x00000000d8e80000,0x00000000d8e80000,0x00000000d9380000)
 ParOldGen       total 39936K, used 7333K [0x0000000084e00000, 0x0000000087500000, 0x00000000d6f80000)
  object space 39936K, 18% used [0x0000000084e00000,0x0000000085529718,0x0000000087500000)
 Metaspace       used 23818K, capacity 24034K, committed 24576K, reserved 1071104K
  class space    used 3133K, capacity 3203K, committed 3328K, reserved 1048576K
Event: 2610,842 GC heap after
Heap after GC invocations=53 (full 26):
 PSYoungGen      total 36864K, used 480K [0x00000000d6f80000, 0x00000000d9880000, 0x0000000100000000)
  eden space 31744K, 0% used [0x00000000d6f80000,0x00000000d6f80000,0x00000000d8e80000)
  from space 5120K, 9% used [0x00000000d8e80000,0x00000000d8ef8000,0x00000000d9380000)
  to   space 5120K, 0% used [0x00000000d9380000,0x00000000d9380000,0x00000000d9880000)
 ParOldGen       total 39936K, used 7341K [0x0000000084e00000, 0x0000000087500000, 0x00000000d6f80000)
  object space 39936K, 18% used [0x0000000084e00000,0x000000008552b718,0x0000000087500000)
 Metaspace       used 23818K, capacity 24034K, committed 24576K, reserved 1071104K
  class space    used 3133K, capacity 3203K, committed 3328K, reserved 1048576K
}
Event: 2610,842 GC heap before
{Heap before GC invocations=54 (full 27):
 PSYoungGen      total 36864K, used 480K [0x00000000d6f80000, 0x00000000d9880000, 0x0000000100000000)
  eden space 31744K, 0% used [0x00000000d6f80000,0x00000000d6f80000,0x00000000d8e80000)
  from space 5120K, 9% used [0x00000000d8e80000,0x00000000d8ef8000,0x00000000d9380000)
  to   space 5120K, 0% used [0x00000000d9380000,0x00000000d9380000,0x00000000d9880000)
 ParOldGen       total 39936K, used 7341K [0x0000000084e00000, 0x0000000087500000, 0x00000000d6f80000)
  object space 39936K, 18% used [0x0000000084e00000,0x000000008552b718,0x0000000087500000)
 Metaspace       used 23818K, capacity 24034K, committed 24576K, reserved 1071104K
  class space    used 3133K, capacity 3203K, committed 3328K, reserved 1048576K
Event: 2610,865 GC heap after
Heap after GC invocations=54 (full 27):
 PSYoungGen      total 36864K, used 0K [0x00000000d6f80000, 0x00000000d9880000, 0x0000000100000000)
  eden space 31744K, 0% used [0x00000000d6f80000,0x00000000d6f80000,0x00000000d8e80000)
  from space 5120K, 0% used [0x00000000d8e80000,0x00000000d8e80000,0x00000000d9380000)
  to   space 5120K, 0% used [0x00000000d9380000,0x00000000d9380000,0x00000000d9880000)
 ParOldGen       total 39936K, used 7565K [0x0000000084e00000, 0x0000000087500000, 0x00000000d6f80000)
  object space 39936K, 18% used [0x0000000084e00000,0x00000000855634d0,0x0000000087500000)
 Metaspace       used 23818K, capacity 24034K, committed 24576K, reserved 1071104K
  class space    used 3133K, capacity 3203K, committed 3328K, reserved 1048576K
}
Event: 3216,194 GC heap before
{Heap before GC invocations=55 (full 27):
 PSYoungGen      total 36864K, used 6327K [0x00000000d6f80000, 0x00000000d9880000, 0x0000000100000000)
  eden space 31744K, 19% used [0x00000000d6f80000,0x00000000d75add70,0x00000000d8e80000)
  from space 5120K, 0% used [0x00000000d8e80000,0x00000000d8e80000,0x00000000d9380000)
  to   space 5120K, 0% used [0x00000000d9380000,0x00000000d9380000,0x00000000d9880000)
 ParOldGen       total 39936K, used 7565K [0x0000000084e00000, 0x0000000087500000, 0x00000000d6f80000)
  object space 39936K, 18% used [0x0000000084e00000,0x00000000855634d0,0x0000000087500000)
 Metaspace       used 23852K, capacity 24098K, committed 24576K, reserved 1071104K
  class space    used 3133K, capacity 3203K, committed 3328K, reserved 1048576K
Event: 3216,195 GC heap after
Heap after GC invocations=55 (full 27):
 PSYoungGen      total 36864K, used 320K [0x00000000d6f80000, 0x00000000d9880000, 0x0000000100000000)
  eden space 31744K, 0% used [0x00000000d6f80000,0x00000000d6f80000,0x00000000d8e80000)
  from space 5120K, 6% used [0x00000000d9380000,0x00000000d93d0000,0x00000000d9880000)
  to   space 5120K, 0% used [0x00000000d8e80000,0x00000000d8e80000,0x00000000d9380000)
 ParOldGen       total 39936K, used 7573K [0x0000000084e00000, 0x0000000087500000, 0x00000000d6f80000)
  object space 39936K, 18% used [0x0000000084e00000,0x00000000855654d0,0x0000000087500000)
 Metaspace       used 23852K, capacity 24098K, committed 24576K, reserved 1071104K
  class space    used 3133K, capacity 3203K, committed 3328K, reserved 1048576K
}
Event: 3216,195 GC heap before
{Heap before GC invocations=56 (full 28):
 PSYoungGen      total 36864K, used 320K [0x00000000d6f80000, 0x00000000d9880000, 0x0000000100000000)
  eden space 31744K, 0% used [0x00000000d6f80000,0x00000000d6f80000,0x00000000d8e80000)
  from space 5120K, 6% used [0x00000000d9380000,0x00000000d93d0000,0x00000000d9880000)
  to   space 5120K, 0% used [0x00000000d8e80000,0x00000000d8e80000,0x00000000d9380000)
 ParOldGen       total 39936K, used 7573K [0x0000000084e00000, 0x0000000087500000, 0x00000000d6f80000)
  object space 39936K, 18% used [0x0000000084e00000,0x00000000855654d0,0x0000000087500000)
 Metaspace       used 23852K, capacity 24098K, committed 24576K, reserved 1071104K
  class space    used 3133K, capacity 3203K, committed 3328K, reserved 1048576K
Event: 3216,239 GC heap after
Heap after GC invocations=56 (full 28):
 PSYoungGen      total 36864K, used 0K [0x00000000d6f80000, 0x00000000d9880000, 0x0000000100000000)
  eden space 31744K, 0% used [0x00000000d6f80000,0x00000000d6f80000,0x00000000d8e80000)
  from space 5120K, 0% used [0x00000000d9380000,0x00000000d9380000,0x00000000d9880000)
  to   space 5120K, 0% used [0x00000000d8e80000,0x00000000d8e80000,0x00000000d9380000)
 ParOldGen       total 39936K, used 7667K [0x0000000084e00000, 0x0000000087500000, 0x00000000d6f80000)
  object space 39936K, 19% used [0x0000000084e00000,0x000000008557cd60,0x0000000087500000)
 Metaspace       used 23852K, capacity 24098K, committed 24576K, reserved 1071104K
  class space    used 3133K, capacity 3203K, committed 3328K, reserved 1048576K
}

